<?xml version="1.0" encoding="UTF-8"?>
<!-- Generated by org.testng.reporters.JUnitReportReporter -->
<testsuite hostname="naiad.styx.home" name="gr.bytecode.services.visitorphonebook.services.BackOfficeServiceTest" tests="4" failures="0" timestamp="23 Sep 2013 22:10:01 GMT" time="0.010" errors="0">
  <testcase name="createNewOrganizationWithExistingEntity" time="0.002" classname="gr.bytecode.services.visitorphonebook.services.BackOfficeServiceTest"/>
  <testcase name="getCategories" time="0.003" classname="gr.bytecode.services.visitorphonebook.services.BackOfficeServiceTest"/>
  <testcase name="saveOrganizationCategory" time="0.000" classname="gr.bytecode.services.visitorphonebook.services.BackOfficeServiceTest"/>
  <testcase name="createNewOrganizationInvalidData" time="0.005" classname="gr.bytecode.services.visitorphonebook.services.BackOfficeServiceTest"/>
</testsuite> <!-- gr.bytecode.services.visitorphonebook.services.BackOfficeServiceTest -->
