<?xml version="1.0" encoding="UTF-8"?>
<!-- Generated by org.testng.reporters.JUnitReportReporter -->
<testsuite hostname="naiad" name="gr.bytecode.services.visitorphonebook.services.BackOfficeServiceTest" tests="4" failures="0" timestamp="11 Oct 2013 18:53:00 GMT" time="0.011" errors="0">
  <testcase name="createNewEntryWithExistingEntity" time="0.002" classname="gr.bytecode.services.visitorphonebook.services.BackOfficeServiceTest"/>
  <testcase name="saveEntryCategory" time="0.000" classname="gr.bytecode.services.visitorphonebook.services.BackOfficeServiceTest"/>
  <testcase name="getCategories" time="0.004" classname="gr.bytecode.services.visitorphonebook.services.BackOfficeServiceTest"/>
  <testcase name="createNewEntryInvalidData" time="0.005" classname="gr.bytecode.services.visitorphonebook.services.BackOfficeServiceTest"/>
</testsuite> <!-- gr.bytecode.services.visitorphonebook.services.BackOfficeServiceTest -->
